<?xml version="1.0" encoding="UTF-8"?>
<!-- Generated by org.testng.reporters.JUnitReportReporter -->
<testsuite hostname="NAG1-LHP-N06804" failures="0" tests="1" name="spec.GallaryHomeScreenSpec" time="3.130" errors="0" timestamp="2020-08-29T18:00:08 IST" skipped="0">
  <testcase classname="spec.GallaryHomeScreenSpec" name="verifyHomePageDisplayed" time="3.130"/>
  <system-out/>
</testsuite> <!-- spec.GallaryHomeScreenSpec -->
