<?xml version="1.0" encoding="UTF-8"?>
<!-- Generated by org.testng.reporters.JUnitReportReporter -->
<testsuite hostname="NAG1-LHP-N06804" failures="0" tests="2" name="spec.ShrineLoginScreenSpec" time="9.291" errors="0" timestamp="2020-08-29T18:00:08 IST" skipped="0">
  <testcase classname="spec.ShrineLoginScreenSpec" name="verifyLoginDetails" time="7.675"/>
  <system-out/>
  <testcase classname="spec.ShrineLoginScreenSpec" name="verifyShrineLoginScreen" time="1.616"/>
  <system-out/>
</testsuite> <!-- spec.ShrineLoginScreenSpec -->
