<?xml version="1.0" encoding="UTF-8"?>
<!-- Generated by org.testng.reporters.JUnitReportReporter -->
<testsuite hostname="NAG1-LHP-N06804" failures="0" tests="4" name="spec.ShrineHomeScreenSpec" time="39.169" errors="0" timestamp="2020-08-29T18:00:08 IST" skipped="0">
  <testcase classname="spec.ShrineHomeScreenSpec" name="verifyClothingFilterIsSelected" time="2.311"/>
  <system-out/>
  <testcase classname="spec.ShrineHomeScreenSpec" name="addFirstShirt" time="28.920"/>
  <system-out/>
  <testcase classname="spec.ShrineHomeScreenSpec" name="addWalterHenryShirt" time="6.288"/>
  <system-out/>
  <testcase classname="spec.ShrineHomeScreenSpec" name="verifyShrineLoginScreen" time="1.650"/>
  <system-out/>
</testsuite> <!-- spec.ShrineHomeScreenSpec -->
